<?xml version="1.0" encoding="UTF-8"?>
<!-- Generated by org.testng.reporters.JUnitXMLReporter -->
<testsuite ignored="4" hostname="LAPTOP-MDDC7LI2" failures="0" tests="3" name="chrome" time="126.071" errors="0" timestamp="2023-09-30T21:00:50 IST">
  <testcase classname="com.pos.testcases.CreateNewVendor" name="runLogin" time="18.841"/>
  <testcase classname="com.pos.testcases.EditVendor" name="runLogin" time="21.446"/>
  <testcase classname="com.pos.testcases.DeleteVendor" name="runLogin" time="23.543"/>
  <testcase classname="com.framework.utils.Reporter" name="@BeforeSuite startReport" time="0.0">
    <ignored/>
  </testcase> <!-- @BeforeSuite startReport -->
  <testcase classname="com.framework.utils.Reporter" name="@BeforeSuite startReport" time="0.0">
    <ignored/>
  </testcase> <!-- @BeforeSuite startReport -->
  <testcase classname="com.framework.utils.Reporter" name="@AfterSuite endResult" time="0.0">
    <ignored/>
  </testcase> <!-- @AfterSuite endResult -->
  <testcase classname="com.framework.utils.Reporter" name="@AfterSuite endResult" time="0.0">
    <ignored/>
  </testcase> <!-- @AfterSuite endResult -->
</testsuite> <!-- chrome -->
