<?xml version="1.0" encoding="UTF-8"?>
<testng-results ignored="12" total="21" passed="9" failed="0" skipped="0">
  <reporter-output>
  </reporter-output>
  <suite started-at="2023-10-01T14:29:29 IST" name="Suite" finished-at="2023-10-01T14:32:32 IST" duration-ms="182862">
    <groups>
    </groups>
    <test started-at="2023-10-01T14:29:29 IST" name="producttesting" finished-at="2023-10-01T14:30:54 IST" duration-ms="84718">
      <class name="com.pos.testcases.DeleteProduct">
        <test-method is-config="true" signature="setValues()[pri:0, instance:com.pos.testcases.DeleteProduct@247310d0]" started-at="2023-10-01T14:29:29 IST" name="setValues" finished-at="2023-10-01T14:29:29 IST" duration-ms="0" status="PASS">
          <reporter-output>
          </reporter-output>
        </test-method> <!-- setValues -->
        <test-method is-config="true" signature="startTestCase()[pri:0, instance:com.pos.testcases.DeleteProduct@247310d0]" started-at="2023-10-01T14:30:28 IST" name="startTestCase" finished-at="2023-10-01T14:30:28 IST" duration-ms="1" status="PASS">
          <reporter-output>
          </reporter-output>
        </test-method> <!-- startTestCase -->
        <test-method is-config="true" signature="preCondition(java.lang.String)[pri:0, instance:com.pos.testcases.DeleteProduct@247310d0]" started-at="2023-10-01T14:30:28 IST" name="preCondition" finished-at="2023-10-01T14:30:31 IST" duration-ms="3048" status="PASS">
          <params>
            <param index="0">
              <value>
                <![CDATA[firefox]]>
              </value>
            </param>
          </params>
          <reporter-output>
          </reporter-output>
        </test-method> <!-- preCondition -->
        <test-method signature="runLogin(java.lang.String,java.lang.String,java.lang.String)[pri:0, instance:com.pos.testcases.DeleteProduct@247310d0]" started-at="2023-10-01T14:30:31 IST" name="runLogin" data-provider="fetchData" finished-at="2023-10-01T14:30:53 IST" duration-ms="22372" status="PASS">
          <params>
            <param index="0">
              <value>
                <![CDATA[8526544557]]>
              </value>
            </param>
            <param index="1">
              <value>
                <![CDATA[Are you sure wan't to delete the selected item]]>
              </value>
            </param>
            <param index="2">
              <value>
                <![CDATA[Deleted successfully.]]>
              </value>
            </param>
          </params>
          <reporter-output>
          </reporter-output>
        </test-method> <!-- runLogin -->
        <test-method is-config="true" signature="postCondition()[pri:0, instance:com.pos.testcases.DeleteProduct@247310d0]" started-at="2023-10-01T14:30:53 IST" name="postCondition" finished-at="2023-10-01T14:30:54 IST" duration-ms="749" status="PASS">
          <reporter-output>
          </reporter-output>
        </test-method> <!-- postCondition -->
      </class> <!-- com.pos.testcases.DeleteProduct -->
      <class name="com.pos.testcases.EditProduct">
        <test-method is-config="true" signature="setValues()[pri:0, instance:com.pos.testcases.EditProduct@7c37508a]" started-at="2023-10-01T14:29:29 IST" name="setValues" finished-at="2023-10-01T14:29:29 IST" duration-ms="0" status="PASS">
          <reporter-output>
          </reporter-output>
        </test-method> <!-- setValues -->
        <test-method is-config="true" signature="startTestCase()[pri:0, instance:com.pos.testcases.EditProduct@7c37508a]" started-at="2023-10-01T14:30:02 IST" name="startTestCase" finished-at="2023-10-01T14:30:02 IST" duration-ms="0" status="PASS">
          <reporter-output>
          </reporter-output>
        </test-method> <!-- startTestCase -->
        <test-method is-config="true" signature="preCondition(java.lang.String)[pri:0, instance:com.pos.testcases.EditProduct@7c37508a]" started-at="2023-10-01T14:30:02 IST" name="preCondition" finished-at="2023-10-01T14:30:06 IST" duration-ms="4557" status="PASS">
          <params>
            <param index="0">
              <value>
                <![CDATA[firefox]]>
              </value>
            </param>
          </params>
          <reporter-output>
          </reporter-output>
        </test-method> <!-- preCondition -->
        <test-method signature="runLogin(java.lang.String,java.lang.String,java.lang.String)[pri:0, instance:com.pos.testcases.EditProduct@7c37508a]" started-at="2023-10-01T14:30:06 IST" name="runLogin" data-provider="fetchData" finished-at="2023-10-01T14:30:27 IST" duration-ms="20559" status="PASS">
          <params>
            <param index="0">
              <value>
                <![CDATA[8526544557]]>
              </value>
            </param>
            <param index="1">
              <value>
                <![CDATA[Selenium]]>
              </value>
            </param>
            <param index="2">
              <value>
                <![CDATA[The product you entered was saved successfully.]]>
              </value>
            </param>
          </params>
          <reporter-output>
          </reporter-output>
        </test-method> <!-- runLogin -->
        <test-method is-config="true" signature="postCondition()[pri:0, instance:com.pos.testcases.EditProduct@7c37508a]" started-at="2023-10-01T14:30:27 IST" name="postCondition" finished-at="2023-10-01T14:30:28 IST" duration-ms="742" status="PASS">
          <reporter-output>
          </reporter-output>
        </test-method> <!-- postCondition -->
      </class> <!-- com.pos.testcases.EditProduct -->
      <class name="com.pos.testcases.CreateNewProduct">
        <test-method is-config="true" signature="setValues()[pri:0, instance:com.pos.testcases.CreateNewProduct@6be968ce]" started-at="2023-10-01T14:29:29 IST" name="setValues" finished-at="2023-10-01T14:29:29 IST" duration-ms="1" status="PASS">
          <reporter-output>
          </reporter-output>
        </test-method> <!-- setValues -->
        <test-method is-config="true" signature="startTestCase()[pri:0, instance:com.pos.testcases.CreateNewProduct@6be968ce]" started-at="2023-10-01T14:29:29 IST" name="startTestCase" finished-at="2023-10-01T14:29:29 IST" duration-ms="5" status="PASS">
          <reporter-output>
          </reporter-output>
        </test-method> <!-- startTestCase -->
        <test-method is-config="true" signature="preCondition(java.lang.String)[pri:0, instance:com.pos.testcases.CreateNewProduct@6be968ce]" started-at="2023-10-01T14:29:30 IST" name="preCondition" finished-at="2023-10-01T14:29:35 IST" duration-ms="5098" status="PASS">
          <params>
            <param index="0">
              <value>
                <![CDATA[firefox]]>
              </value>
            </param>
          </params>
          <reporter-output>
          </reporter-output>
        </test-method> <!-- preCondition -->
        <test-method signature="runLogin(java.lang.String,java.lang.String,java.lang.String,java.lang.String,java.lang.String)[pri:0, instance:com.pos.testcases.CreateNewProduct@6be968ce]" started-at="2023-10-01T14:29:35 IST" name="runLogin" data-provider="fetchData" finished-at="2023-10-01T14:30:01 IST" duration-ms="25672" status="PASS">
          <params>
            <param index="0">
              <value>
                <![CDATA[8526544557]]>
              </value>
            </param>
            <param index="1">
              <value>
                <![CDATA[Playwright]]>
              </value>
            </param>
            <param index="2">
              <value>
                <![CDATA[Training]]>
              </value>
            </param>
            <param index="3">
              <value>
                <![CDATA[10000]]>
              </value>
            </param>
            <param index="4">
              <value>
                <![CDATA[5000]]>
              </value>
            </param>
          </params>
          <reporter-output>
          </reporter-output>
        </test-method> <!-- runLogin -->
        <test-method is-config="true" signature="postCondition()[pri:0, instance:com.pos.testcases.CreateNewProduct@6be968ce]" started-at="2023-10-01T14:30:01 IST" name="postCondition" finished-at="2023-10-01T14:30:02 IST" duration-ms="867" status="PASS">
          <reporter-output>
          </reporter-output>
        </test-method> <!-- postCondition -->
      </class> <!-- com.pos.testcases.CreateNewProduct -->
    </test> <!-- producttesting -->
    <test started-at="2023-10-01T14:29:29 IST" name="customertesting" finished-at="2023-10-01T14:31:36 IST" duration-ms="126663">
      <class name="com.pos.testcases.DeleteCustomer">
        <test-method is-config="true" signature="setValues()[pri:0, instance:com.pos.testcases.DeleteCustomer@514646ef]" started-at="2023-10-01T14:29:29 IST" name="setValues" finished-at="2023-10-01T14:29:29 IST" duration-ms="1" status="PASS">
          <reporter-output>
          </reporter-output>
        </test-method> <!-- setValues -->
        <test-method is-config="true" signature="startTestCase()[pri:0, instance:com.pos.testcases.DeleteCustomer@514646ef]" started-at="2023-10-01T14:30:20 IST" name="startTestCase" finished-at="2023-10-01T14:30:20 IST" duration-ms="0" status="PASS">
          <reporter-output>
          </reporter-output>
        </test-method> <!-- startTestCase -->
        <test-method is-config="true" signature="preCondition(java.lang.String)[pri:0, instance:com.pos.testcases.DeleteCustomer@514646ef]" started-at="2023-10-01T14:30:20 IST" name="preCondition" finished-at="2023-10-01T14:31:10 IST" duration-ms="50265" status="PASS">
          <params>
            <param index="0">
              <value>
                <![CDATA[chrome]]>
              </value>
            </param>
          </params>
          <reporter-output>
          </reporter-output>
        </test-method> <!-- preCondition -->
        <test-method signature="runLogin(java.lang.String,java.lang.String,java.lang.String)[pri:0, instance:com.pos.testcases.DeleteCustomer@514646ef]" started-at="2023-10-01T14:31:10 IST" name="runLogin" data-provider="fetchData" finished-at="2023-10-01T14:31:36 IST" duration-ms="25404" status="PASS">
          <params>
            <param index="0">
              <value>
                <![CDATA[9976749486]]>
              </value>
            </param>
            <param index="1">
              <value>
                <![CDATA[Are you sure wan't to delete the selected item]]>
              </value>
            </param>
            <param index="2">
              <value>
                <![CDATA[Deleted successfully.]]>
              </value>
            </param>
          </params>
          <reporter-output>
          </reporter-output>
        </test-method> <!-- runLogin -->
        <test-method is-config="true" signature="postCondition()[pri:0, instance:com.pos.testcases.DeleteCustomer@514646ef]" started-at="2023-10-01T14:31:36 IST" name="postCondition" finished-at="2023-10-01T14:31:36 IST" duration-ms="119" status="PASS">
          <reporter-output>
          </reporter-output>
        </test-method> <!-- postCondition -->
      </class> <!-- com.pos.testcases.DeleteCustomer -->
      <class name="com.pos.testcases.EditCustomer">
        <test-method is-config="true" signature="setValues()[pri:0, instance:com.pos.testcases.EditCustomer@73eb439a]" started-at="2023-10-01T14:29:29 IST" name="setValues" finished-at="2023-10-01T14:29:29 IST" duration-ms="0" status="PASS">
          <reporter-output>
          </reporter-output>
        </test-method> <!-- setValues -->
        <test-method is-config="true" signature="startTestCase()[pri:0, instance:com.pos.testcases.EditCustomer@73eb439a]" started-at="2023-10-01T14:29:58 IST" name="startTestCase" finished-at="2023-10-01T14:29:58 IST" duration-ms="0" status="PASS">
          <reporter-output>
          </reporter-output>
        </test-method> <!-- startTestCase -->
        <test-method is-config="true" signature="preCondition(java.lang.String)[pri:0, instance:com.pos.testcases.EditCustomer@73eb439a]" started-at="2023-10-01T14:29:58 IST" name="preCondition" finished-at="2023-10-01T14:29:59 IST" duration-ms="1700" status="PASS">
          <params>
            <param index="0">
              <value>
                <![CDATA[chrome]]>
              </value>
            </param>
          </params>
          <reporter-output>
          </reporter-output>
        </test-method> <!-- preCondition -->
        <test-method signature="runLogin(java.lang.String,java.lang.String,java.lang.String,java.lang.String)[pri:0, instance:com.pos.testcases.EditCustomer@73eb439a]" started-at="2023-10-01T14:29:59 IST" name="runLogin" data-provider="fetchData" finished-at="2023-10-01T14:30:20 IST" duration-ms="20401" status="PASS">
          <params>
            <param index="0">
              <value>
                <![CDATA[9976749486]]>
              </value>
            </param>
            <param index="1">
              <value>
                <![CDATA[Manickam]]>
              </value>
            </param>
            <param index="2">
              <value>
                <![CDATA[The customer you entered was saved successfully.]]>
              </value>
            </param>
            <param index="3">
              <value>
                <![CDATA[Manickam]]>
              </value>
            </param>
          </params>
          <reporter-output>
          </reporter-output>
        </test-method> <!-- runLogin -->
        <test-method is-config="true" signature="postCondition()[pri:0, instance:com.pos.testcases.EditCustomer@73eb439a]" started-at="2023-10-01T14:30:20 IST" name="postCondition" finished-at="2023-10-01T14:30:20 IST" duration-ms="284" status="PASS">
          <reporter-output>
          </reporter-output>
        </test-method> <!-- postCondition -->
      </class> <!-- com.pos.testcases.EditCustomer -->
      <class name="com.pos.testcases.CreateNewCutomer">
        <test-method is-config="true" signature="startReport()[pri:0, instance:com.pos.testcases.CreateNewCutomer@792b749c]" started-at="2023-10-01T14:29:29 IST" name="startReport" finished-at="2023-10-01T14:29:29 IST" duration-ms="134" status="PASS">
          <reporter-output>
          </reporter-output>
        </test-method> <!-- startReport -->
        <test-method is-config="true" signature="setValues()[pri:0, instance:com.pos.testcases.CreateNewCutomer@792b749c]" started-at="2023-10-01T14:29:29 IST" name="setValues" finished-at="2023-10-01T14:29:29 IST" duration-ms="1" status="PASS">
          <reporter-output>
          </reporter-output>
        </test-method> <!-- setValues -->
        <test-method is-config="true" signature="startTestCase()[pri:0, instance:com.pos.testcases.CreateNewCutomer@792b749c]" started-at="2023-10-01T14:29:29 IST" name="startTestCase" finished-at="2023-10-01T14:29:29 IST" duration-ms="5" status="PASS">
          <reporter-output>
          </reporter-output>
        </test-method> <!-- startTestCase -->
        <test-method is-config="true" signature="preCondition(java.lang.String)[pri:0, instance:com.pos.testcases.CreateNewCutomer@792b749c]" started-at="2023-10-01T14:29:30 IST" name="preCondition" finished-at="2023-10-01T14:29:34 IST" duration-ms="3802" status="PASS">
          <params>
            <param index="0">
              <value>
                <![CDATA[chrome]]>
              </value>
            </param>
          </params>
          <reporter-output>
          </reporter-output>
        </test-method> <!-- preCondition -->
        <test-method signature="runLogin(java.lang.String,java.lang.String,java.lang.String,java.lang.String,java.lang.String,java.lang.String)[pri:0, instance:com.pos.testcases.CreateNewCutomer@792b749c]" started-at="2023-10-01T14:29:34 IST" name="runLogin" data-provider="fetchData" finished-at="2023-10-01T14:29:57 IST" duration-ms="23027" status="PASS">
          <params>
            <param index="0">
              <value>
                <![CDATA[9976749486]]>
              </value>
            </param>
            <param index="1">
              <value>
                <![CDATA[Manickam]]>
              </value>
            </param>
            <param index="2">
              <value>
                <![CDATA[Selenium]]>
              </value>
            </param>
            <param index="3">
              <value>
                <![CDATA[Chennai]]>
              </value>
            </param>
            <param index="4">
              <value>
                <![CDATA[9976749520]]>
              </value>
            </param>
            <param index="5">
              <value>
                <![CDATA[mani@gmail.com]]>
              </value>
            </param>
          </params>
          <reporter-output>
          </reporter-output>
        </test-method> <!-- runLogin -->
        <test-method is-config="true" signature="postCondition()[pri:0, instance:com.pos.testcases.CreateNewCutomer@792b749c]" started-at="2023-10-01T14:29:57 IST" name="postCondition" finished-at="2023-10-01T14:29:58 IST" duration-ms="586" status="PASS">
          <reporter-output>
          </reporter-output>
        </test-method> <!-- postCondition -->
        <test-method is-config="true" signature="endResult()[pri:0, instance:com.pos.testcases.CreateNewCutomer@792b749c]" started-at="2023-10-01T14:32:32 IST" name="endResult" finished-at="2023-10-01T14:32:32 IST" duration-ms="253" status="PASS">
          <reporter-output>
          </reporter-output>
        </test-method> <!-- endResult -->
      </class> <!-- com.pos.testcases.CreateNewCutomer -->
    </test> <!-- customertesting -->
    <test started-at="2023-10-01T14:29:29 IST" name="vendortesting" finished-at="2023-10-01T14:32:32 IST" duration-ms="182862">
      <class name="com.pos.testcases.EditVendor">
        <test-method is-config="true" signature="setValues()[pri:0, instance:com.pos.testcases.EditVendor@7f485fda]" started-at="2023-10-01T14:29:29 IST" name="setValues" finished-at="2023-10-01T14:29:29 IST" duration-ms="0" status="PASS">
          <reporter-output>
          </reporter-output>
        </test-method> <!-- setValues -->
        <test-method is-config="true" signature="startTestCase()[pri:0, instance:com.pos.testcases.EditVendor@7f485fda]" started-at="2023-10-01T14:30:05 IST" name="startTestCase" finished-at="2023-10-01T14:30:05 IST" duration-ms="0" status="PASS">
          <reporter-output>
          </reporter-output>
        </test-method> <!-- startTestCase -->
        <test-method is-config="true" signature="preCondition(java.lang.String)[pri:0, instance:com.pos.testcases.EditVendor@7f485fda]" started-at="2023-10-01T14:30:05 IST" name="preCondition" finished-at="2023-10-01T14:31:10 IST" duration-ms="65321" status="PASS">
          <params>
            <param index="0">
              <value>
                <![CDATA[chrome]]>
              </value>
            </param>
          </params>
          <reporter-output>
          </reporter-output>
        </test-method> <!-- preCondition -->
        <test-method signature="runLogin(java.lang.String,java.lang.String,java.lang.String,java.lang.String)[pri:0, instance:com.pos.testcases.EditVendor@7f485fda]" started-at="2023-10-01T14:31:10 IST" name="runLogin" data-provider="fetchData" finished-at="2023-10-01T14:31:50 IST" duration-ms="40131" status="PASS">
          <params>
            <param index="0">
              <value>
                <![CDATA[8220316109]]>
              </value>
            </param>
            <param index="1">
              <value>
                <![CDATA[Kumar]]>
              </value>
            </param>
            <param index="2">
              <value>
                <![CDATA[The vendor you entered was saved successfully.]]>
              </value>
            </param>
            <param index="3">
              <value>
                <![CDATA[Kumar]]>
              </value>
            </param>
          </params>
          <reporter-output>
          </reporter-output>
        </test-method> <!-- runLogin -->
        <test-method is-config="true" signature="postCondition()[pri:0, instance:com.pos.testcases.EditVendor@7f485fda]" started-at="2023-10-01T14:31:50 IST" name="postCondition" finished-at="2023-10-01T14:31:51 IST" duration-ms="361" status="PASS">
          <reporter-output>
          </reporter-output>
        </test-method> <!-- postCondition -->
      </class> <!-- com.pos.testcases.EditVendor -->
      <class name="com.pos.testcases.DeleteVendor">
        <test-method is-config="true" signature="setValues()[pri:0, instance:com.pos.testcases.DeleteVendor@28261e8e]" started-at="2023-10-01T14:29:29 IST" name="setValues" finished-at="2023-10-01T14:29:29 IST" duration-ms="1" status="PASS">
          <reporter-output>
          </reporter-output>
        </test-method> <!-- setValues -->
        <test-method is-config="true" signature="startTestCase()[pri:0, instance:com.pos.testcases.DeleteVendor@28261e8e]" started-at="2023-10-01T14:31:51 IST" name="startTestCase" finished-at="2023-10-01T14:31:51 IST" duration-ms="0" status="PASS">
          <reporter-output>
          </reporter-output>
        </test-method> <!-- startTestCase -->
        <test-method is-config="true" signature="preCondition(java.lang.String)[pri:0, instance:com.pos.testcases.DeleteVendor@28261e8e]" started-at="2023-10-01T14:31:51 IST" name="preCondition" finished-at="2023-10-01T14:31:52 IST" duration-ms="1070" status="PASS">
          <params>
            <param index="0">
              <value>
                <![CDATA[chrome]]>
              </value>
            </param>
          </params>
          <reporter-output>
          </reporter-output>
        </test-method> <!-- preCondition -->
        <test-method signature="runLogin(java.lang.String,java.lang.String,java.lang.String)[pri:0, instance:com.pos.testcases.DeleteVendor@28261e8e]" started-at="2023-10-01T14:31:52 IST" name="runLogin" data-provider="fetchData" finished-at="2023-10-01T14:32:32 IST" duration-ms="39989" status="PASS">
          <params>
            <param index="0">
              <value>
                <![CDATA[8220316109]]>
              </value>
            </param>
            <param index="1">
              <value>
                <![CDATA[Are you sure wan't to delete the selected item]]>
              </value>
            </param>
            <param index="2">
              <value>
                <![CDATA[Deleted successfully.]]>
              </value>
            </param>
          </params>
          <reporter-output>
          </reporter-output>
        </test-method> <!-- runLogin -->
        <test-method is-config="true" signature="postCondition()[pri:0, instance:com.pos.testcases.DeleteVendor@28261e8e]" started-at="2023-10-01T14:32:32 IST" name="postCondition" finished-at="2023-10-01T14:32:32 IST" duration-ms="180" status="PASS">
          <reporter-output>
          </reporter-output>
        </test-method> <!-- postCondition -->
      </class> <!-- com.pos.testcases.DeleteVendor -->
      <class name="com.pos.testcases.CreateNewVendor">
        <test-method is-config="true" signature="setValues()[pri:0, instance:com.pos.testcases.CreateNewVendor@1c5920df]" started-at="2023-10-01T14:29:29 IST" name="setValues" finished-at="2023-10-01T14:29:29 IST" duration-ms="1" status="PASS">
          <reporter-output>
          </reporter-output>
        </test-method> <!-- setValues -->
        <test-method is-config="true" signature="startTestCase()[pri:0, instance:com.pos.testcases.CreateNewVendor@1c5920df]" started-at="2023-10-01T14:29:29 IST" name="startTestCase" finished-at="2023-10-01T14:29:29 IST" duration-ms="6" status="PASS">
          <reporter-output>
          </reporter-output>
        </test-method> <!-- startTestCase -->
        <test-method is-config="true" signature="preCondition(java.lang.String)[pri:0, instance:com.pos.testcases.CreateNewVendor@1c5920df]" started-at="2023-10-01T14:29:30 IST" name="preCondition" finished-at="2023-10-01T14:29:34 IST" duration-ms="3876" status="PASS">
          <params>
            <param index="0">
              <value>
                <![CDATA[chrome]]>
              </value>
            </param>
          </params>
          <reporter-output>
          </reporter-output>
        </test-method> <!-- preCondition -->
        <test-method signature="runLogin(java.lang.String,java.lang.String,java.lang.String,java.lang.String,java.lang.String,java.lang.String)[pri:0, instance:com.pos.testcases.CreateNewVendor@1c5920df]" started-at="2023-10-01T14:29:34 IST" name="runLogin" data-provider="fetchData" finished-at="2023-10-01T14:30:05 IST" duration-ms="30492" status="PASS">
          <params>
            <param index="0">
              <value>
                <![CDATA[8220316109]]>
              </value>
            </param>
            <param index="1">
              <value>
                <![CDATA[Vinoth]]>
              </value>
            </param>
            <param index="2">
              <value>
                <![CDATA[Selenium]]>
              </value>
            </param>
            <param index="3">
              <value>
                <![CDATA[Chennai]]>
              </value>
            </param>
            <param index="4">
              <value>
                <![CDATA[8220316109]]>
              </value>
            </param>
            <param index="5">
              <value>
                <![CDATA[vinod@gmail.com]]>
              </value>
            </param>
          </params>
          <reporter-output>
          </reporter-output>
        </test-method> <!-- runLogin -->
        <test-method is-config="true" signature="postCondition()[pri:0, instance:com.pos.testcases.CreateNewVendor@1c5920df]" started-at="2023-10-01T14:30:05 IST" name="postCondition" finished-at="2023-10-01T14:30:05 IST" duration-ms="402" status="PASS">
          <reporter-output>
          </reporter-output>
        </test-method> <!-- postCondition -->
      </class> <!-- com.pos.testcases.CreateNewVendor -->
    </test> <!-- vendortesting -->
  </suite> <!-- Suite -->
</testng-results>
