<?xml version="1.0" encoding="UTF-8"?>
<testng-results ignored="12" total="21" passed="9" failed="0" skipped="0">
  <reporter-output>
  </reporter-output>
  <suite started-at="2023-10-04T16:09:55 IST" name="Suite" finished-at="2023-10-04T16:12:42 IST" duration-ms="167121">
    <groups>
    </groups>
    <test started-at="2023-10-04T16:09:55 IST" name="producttesting" finished-at="2023-10-04T16:11:09 IST" duration-ms="73387">
      <class name="com.pos.testcases.DeleteProduct">
        <test-method is-config="true" signature="setValues()[pri:0, instance:com.pos.testcases.DeleteProduct@303cf2ba]" started-at="2023-10-04T16:09:55 IST" name="setValues" finished-at="2023-10-04T16:09:55 IST" duration-ms="0" status="PASS">
          <reporter-output>
          </reporter-output>
        </test-method> <!-- setValues -->
        <test-method is-config="true" signature="startTestCase()[pri:0, instance:com.pos.testcases.DeleteProduct@303cf2ba]" started-at="2023-10-04T16:10:45 IST" name="startTestCase" finished-at="2023-10-04T16:10:45 IST" duration-ms="1" status="PASS">
          <reporter-output>
          </reporter-output>
        </test-method> <!-- startTestCase -->
        <test-method is-config="true" signature="preCondition(java.lang.String)[pri:0, instance:com.pos.testcases.DeleteProduct@303cf2ba]" started-at="2023-10-04T16:10:45 IST" name="preCondition" finished-at="2023-10-04T16:10:47 IST" duration-ms="2613" status="PASS">
          <params>
            <param index="0">
              <value>
                <![CDATA[firefox]]>
              </value>
            </param>
          </params>
          <reporter-output>
          </reporter-output>
        </test-method> <!-- preCondition -->
        <test-method signature="runLogin(java.lang.String,java.lang.String,java.lang.String)[pri:0, instance:com.pos.testcases.DeleteProduct@303cf2ba]" started-at="2023-10-04T16:10:47 IST" name="runLogin" data-provider="fetchData" finished-at="2023-10-04T16:11:08 IST" duration-ms="20652" status="PASS">
          <params>
            <param index="0">
              <value>
                <![CDATA[8526544557]]>
              </value>
            </param>
            <param index="1">
              <value>
                <![CDATA[Are you sure wan't to delete the selected item]]>
              </value>
            </param>
            <param index="2">
              <value>
                <![CDATA[Deleted successfully.]]>
              </value>
            </param>
          </params>
          <reporter-output>
          </reporter-output>
        </test-method> <!-- runLogin -->
        <test-method is-config="true" signature="postCondition()[pri:0, instance:com.pos.testcases.DeleteProduct@303cf2ba]" started-at="2023-10-04T16:11:08 IST" name="postCondition" finished-at="2023-10-04T16:11:09 IST" duration-ms="696" status="PASS">
          <reporter-output>
          </reporter-output>
        </test-method> <!-- postCondition -->
      </class> <!-- com.pos.testcases.DeleteProduct -->
      <class name="com.pos.testcases.EditProduct">
        <test-method is-config="true" signature="setValues()[pri:0, instance:com.pos.testcases.EditProduct@1033576a]" started-at="2023-10-04T16:09:55 IST" name="setValues" finished-at="2023-10-04T16:09:55 IST" duration-ms="0" status="PASS">
          <reporter-output>
          </reporter-output>
        </test-method> <!-- setValues -->
        <test-method is-config="true" signature="startTestCase()[pri:0, instance:com.pos.testcases.EditProduct@1033576a]" started-at="2023-10-04T16:10:23 IST" name="startTestCase" finished-at="2023-10-04T16:10:23 IST" duration-ms="1" status="PASS">
          <reporter-output>
          </reporter-output>
        </test-method> <!-- startTestCase -->
        <test-method is-config="true" signature="preCondition(java.lang.String)[pri:0, instance:com.pos.testcases.EditProduct@1033576a]" started-at="2023-10-04T16:10:23 IST" name="preCondition" finished-at="2023-10-04T16:10:26 IST" duration-ms="2840" status="PASS">
          <params>
            <param index="0">
              <value>
                <![CDATA[firefox]]>
              </value>
            </param>
          </params>
          <reporter-output>
          </reporter-output>
        </test-method> <!-- preCondition -->
        <test-method signature="runLogin(java.lang.String,java.lang.String,java.lang.String)[pri:0, instance:com.pos.testcases.EditProduct@1033576a]" started-at="2023-10-04T16:10:26 IST" name="runLogin" data-provider="fetchData" finished-at="2023-10-04T16:10:44 IST" duration-ms="18414" status="PASS">
          <params>
            <param index="0">
              <value>
                <![CDATA[8526544557]]>
              </value>
            </param>
            <param index="1">
              <value>
                <![CDATA[Selenium]]>
              </value>
            </param>
            <param index="2">
              <value>
                <![CDATA[The product you entered was saved successfully.]]>
              </value>
            </param>
          </params>
          <reporter-output>
          </reporter-output>
        </test-method> <!-- runLogin -->
        <test-method is-config="true" signature="postCondition()[pri:0, instance:com.pos.testcases.EditProduct@1033576a]" started-at="2023-10-04T16:10:44 IST" name="postCondition" finished-at="2023-10-04T16:10:45 IST" duration-ms="592" status="PASS">
          <reporter-output>
          </reporter-output>
        </test-method> <!-- postCondition -->
      </class> <!-- com.pos.testcases.EditProduct -->
      <class name="com.pos.testcases.CreateNewProduct">
        <test-method is-config="true" signature="setValues()[pri:0, instance:com.pos.testcases.CreateNewProduct@247310d0]" started-at="2023-10-04T16:09:55 IST" name="setValues" finished-at="2023-10-04T16:09:55 IST" duration-ms="1" status="PASS">
          <reporter-output>
          </reporter-output>
        </test-method> <!-- setValues -->
        <test-method is-config="true" signature="startTestCase()[pri:0, instance:com.pos.testcases.CreateNewProduct@247310d0]" started-at="2023-10-04T16:09:55 IST" name="startTestCase" finished-at="2023-10-04T16:09:55 IST" duration-ms="7" status="PASS">
          <reporter-output>
          </reporter-output>
        </test-method> <!-- startTestCase -->
        <test-method is-config="true" signature="preCondition(java.lang.String)[pri:0, instance:com.pos.testcases.CreateNewProduct@247310d0]" started-at="2023-10-04T16:09:56 IST" name="preCondition" finished-at="2023-10-04T16:10:02 IST" duration-ms="5814" status="PASS">
          <params>
            <param index="0">
              <value>
                <![CDATA[firefox]]>
              </value>
            </param>
          </params>
          <reporter-output>
          </reporter-output>
        </test-method> <!-- preCondition -->
        <test-method signature="runLogin(java.lang.String,java.lang.String,java.lang.String,java.lang.String,java.lang.String)[pri:0, instance:com.pos.testcases.CreateNewProduct@247310d0]" started-at="2023-10-04T16:10:02 IST" name="runLogin" data-provider="fetchData" finished-at="2023-10-04T16:10:22 IST" duration-ms="20188" status="PASS">
          <params>
            <param index="0">
              <value>
                <![CDATA[8526544557]]>
              </value>
            </param>
            <param index="1">
              <value>
                <![CDATA[Playwright]]>
              </value>
            </param>
            <param index="2">
              <value>
                <![CDATA[Training]]>
              </value>
            </param>
            <param index="3">
              <value>
                <![CDATA[10000]]>
              </value>
            </param>
            <param index="4">
              <value>
                <![CDATA[5000]]>
              </value>
            </param>
          </params>
          <reporter-output>
          </reporter-output>
        </test-method> <!-- runLogin -->
        <test-method is-config="true" signature="postCondition()[pri:0, instance:com.pos.testcases.CreateNewProduct@247310d0]" started-at="2023-10-04T16:10:22 IST" name="postCondition" finished-at="2023-10-04T16:10:23 IST" duration-ms="737" status="PASS">
          <reporter-output>
          </reporter-output>
        </test-method> <!-- postCondition -->
      </class> <!-- com.pos.testcases.CreateNewProduct -->
    </test> <!-- producttesting -->
    <test started-at="2023-10-04T16:09:55 IST" name="vendortesting" finished-at="2023-10-04T16:11:57 IST" duration-ms="121829">
      <class name="com.pos.testcases.EditVendor">
        <test-method is-config="true" signature="setValues()[pri:0, instance:com.pos.testcases.EditVendor@d737b89]" started-at="2023-10-04T16:09:55 IST" name="setValues" finished-at="2023-10-04T16:09:55 IST" duration-ms="0" status="PASS">
          <reporter-output>
          </reporter-output>
        </test-method> <!-- setValues -->
        <test-method is-config="true" signature="startTestCase()[pri:0, instance:com.pos.testcases.EditVendor@d737b89]" started-at="2023-10-04T16:10:23 IST" name="startTestCase" finished-at="2023-10-04T16:10:23 IST" duration-ms="1" status="PASS">
          <reporter-output>
          </reporter-output>
        </test-method> <!-- startTestCase -->
        <test-method is-config="true" signature="preCondition(java.lang.String)[pri:0, instance:com.pos.testcases.EditVendor@d737b89]" started-at="2023-10-04T16:10:23 IST" name="preCondition" finished-at="2023-10-04T16:10:50 IST" duration-ms="27244" status="PASS">
          <params>
            <param index="0">
              <value>
                <![CDATA[chrome]]>
              </value>
            </param>
          </params>
          <reporter-output>
          </reporter-output>
        </test-method> <!-- preCondition -->
        <test-method signature="runLogin(java.lang.String,java.lang.String,java.lang.String,java.lang.String)[pri:0, instance:com.pos.testcases.EditVendor@d737b89]" started-at="2023-10-04T16:10:50 IST" name="runLogin" data-provider="fetchData" finished-at="2023-10-04T16:11:19 IST" duration-ms="28218" status="PASS">
          <params>
            <param index="0">
              <value>
                <![CDATA[8220316109]]>
              </value>
            </param>
            <param index="1">
              <value>
                <![CDATA[Kumar]]>
              </value>
            </param>
            <param index="2">
              <value>
                <![CDATA[The vendor you entered was saved successfully.]]>
              </value>
            </param>
            <param index="3">
              <value>
                <![CDATA[Kumar]]>
              </value>
            </param>
          </params>
          <reporter-output>
          </reporter-output>
        </test-method> <!-- runLogin -->
        <test-method is-config="true" signature="postCondition()[pri:0, instance:com.pos.testcases.EditVendor@d737b89]" started-at="2023-10-04T16:11:19 IST" name="postCondition" finished-at="2023-10-04T16:11:19 IST" duration-ms="98" status="PASS">
          <reporter-output>
          </reporter-output>
        </test-method> <!-- postCondition -->
      </class> <!-- com.pos.testcases.EditVendor -->
      <class name="com.pos.testcases.DeleteVendor">
        <test-method is-config="true" signature="setValues()[pri:0, instance:com.pos.testcases.DeleteVendor@8519cb4]" started-at="2023-10-04T16:09:55 IST" name="setValues" finished-at="2023-10-04T16:09:55 IST" duration-ms="1" status="PASS">
          <reporter-output>
          </reporter-output>
        </test-method> <!-- setValues -->
        <test-method is-config="true" signature="startTestCase()[pri:0, instance:com.pos.testcases.DeleteVendor@8519cb4]" started-at="2023-10-04T16:11:19 IST" name="startTestCase" finished-at="2023-10-04T16:11:19 IST" duration-ms="1" status="PASS">
          <reporter-output>
          </reporter-output>
        </test-method> <!-- startTestCase -->
        <test-method is-config="true" signature="preCondition(java.lang.String)[pri:0, instance:com.pos.testcases.DeleteVendor@8519cb4]" started-at="2023-10-04T16:11:19 IST" name="preCondition" finished-at="2023-10-04T16:11:25 IST" duration-ms="6093" status="PASS">
          <params>
            <param index="0">
              <value>
                <![CDATA[chrome]]>
              </value>
            </param>
          </params>
          <reporter-output>
          </reporter-output>
        </test-method> <!-- preCondition -->
        <test-method signature="runLogin(java.lang.String,java.lang.String,java.lang.String)[pri:0, instance:com.pos.testcases.DeleteVendor@8519cb4]" started-at="2023-10-04T16:11:25 IST" name="runLogin" data-provider="fetchData" finished-at="2023-10-04T16:11:57 IST" duration-ms="32006" status="PASS">
          <params>
            <param index="0">
              <value>
                <![CDATA[8220316109]]>
              </value>
            </param>
            <param index="1">
              <value>
                <![CDATA[Are you sure wan't to delete the selected item]]>
              </value>
            </param>
            <param index="2">
              <value>
                <![CDATA[Deleted successfully.]]>
              </value>
            </param>
          </params>
          <reporter-output>
          </reporter-output>
        </test-method> <!-- runLogin -->
        <test-method is-config="true" signature="postCondition()[pri:0, instance:com.pos.testcases.DeleteVendor@8519cb4]" started-at="2023-10-04T16:11:57 IST" name="postCondition" finished-at="2023-10-04T16:11:57 IST" duration-ms="140" status="PASS">
          <reporter-output>
          </reporter-output>
        </test-method> <!-- postCondition -->
      </class> <!-- com.pos.testcases.DeleteVendor -->
      <class name="com.pos.testcases.CreateNewVendor">
        <test-method is-config="true" signature="setValues()[pri:0, instance:com.pos.testcases.CreateNewVendor@79e4c792]" started-at="2023-10-04T16:09:55 IST" name="setValues" finished-at="2023-10-04T16:09:55 IST" duration-ms="1" status="PASS">
          <reporter-output>
          </reporter-output>
        </test-method> <!-- setValues -->
        <test-method is-config="true" signature="startTestCase()[pri:0, instance:com.pos.testcases.CreateNewVendor@79e4c792]" started-at="2023-10-04T16:09:55 IST" name="startTestCase" finished-at="2023-10-04T16:09:55 IST" duration-ms="5" status="PASS">
          <reporter-output>
          </reporter-output>
        </test-method> <!-- startTestCase -->
        <test-method is-config="true" signature="preCondition(java.lang.String)[pri:0, instance:com.pos.testcases.CreateNewVendor@79e4c792]" started-at="2023-10-04T16:09:56 IST" name="preCondition" finished-at="2023-10-04T16:09:59 IST" duration-ms="2915" status="PASS">
          <params>
            <param index="0">
              <value>
                <![CDATA[chrome]]>
              </value>
            </param>
          </params>
          <reporter-output>
          </reporter-output>
        </test-method> <!-- preCondition -->
        <test-method signature="runLogin(java.lang.String,java.lang.String,java.lang.String,java.lang.String,java.lang.String,java.lang.String)[pri:0, instance:com.pos.testcases.CreateNewVendor@79e4c792]" started-at="2023-10-04T16:09:59 IST" name="runLogin" data-provider="fetchData" finished-at="2023-10-04T16:10:23 IST" duration-ms="24069" status="PASS">
          <params>
            <param index="0">
              <value>
                <![CDATA[8220316109]]>
              </value>
            </param>
            <param index="1">
              <value>
                <![CDATA[Vinoth]]>
              </value>
            </param>
            <param index="2">
              <value>
                <![CDATA[Selenium]]>
              </value>
            </param>
            <param index="3">
              <value>
                <![CDATA[Chennai]]>
              </value>
            </param>
            <param index="4">
              <value>
                <![CDATA[8220316109]]>
              </value>
            </param>
            <param index="5">
              <value>
                <![CDATA[vinod@gmail.com]]>
              </value>
            </param>
          </params>
          <reporter-output>
          </reporter-output>
        </test-method> <!-- runLogin -->
        <test-method is-config="true" signature="postCondition()[pri:0, instance:com.pos.testcases.CreateNewVendor@79e4c792]" started-at="2023-10-04T16:10:23 IST" name="postCondition" finished-at="2023-10-04T16:10:23 IST" duration-ms="180" status="PASS">
          <reporter-output>
          </reporter-output>
        </test-method> <!-- postCondition -->
      </class> <!-- com.pos.testcases.CreateNewVendor -->
    </test> <!-- vendortesting -->
    <test started-at="2023-10-04T16:09:55 IST" name="customertesting" finished-at="2023-10-04T16:12:42 IST" duration-ms="167121">
      <class name="com.pos.testcases.DeleteCustomer">
        <test-method is-config="true" signature="setValues()[pri:0, instance:com.pos.testcases.DeleteCustomer@302c971f]" started-at="2023-10-04T16:09:55 IST" name="setValues" finished-at="2023-10-04T16:09:55 IST" duration-ms="0" status="PASS">
          <reporter-output>
          </reporter-output>
        </test-method> <!-- setValues -->
        <test-method is-config="true" signature="startTestCase()[pri:0, instance:com.pos.testcases.DeleteCustomer@302c971f]" started-at="2023-10-04T16:11:33 IST" name="startTestCase" finished-at="2023-10-04T16:11:33 IST" duration-ms="1" status="PASS">
          <reporter-output>
          </reporter-output>
        </test-method> <!-- startTestCase -->
        <test-method is-config="true" signature="preCondition(java.lang.String)[pri:0, instance:com.pos.testcases.DeleteCustomer@302c971f]" started-at="2023-10-04T16:11:33 IST" name="preCondition" finished-at="2023-10-04T16:12:20 IST" duration-ms="46787" status="PASS">
          <params>
            <param index="0">
              <value>
                <![CDATA[chrome]]>
              </value>
            </param>
          </params>
          <reporter-output>
          </reporter-output>
        </test-method> <!-- preCondition -->
        <test-method signature="runLogin(java.lang.String,java.lang.String,java.lang.String)[pri:0, instance:com.pos.testcases.DeleteCustomer@302c971f]" started-at="2023-10-04T16:12:20 IST" name="runLogin" data-provider="fetchData" finished-at="2023-10-04T16:12:41 IST" duration-ms="21090" status="PASS">
          <params>
            <param index="0">
              <value>
                <![CDATA[9976749486]]>
              </value>
            </param>
            <param index="1">
              <value>
                <![CDATA[Are you sure wan't to delete the selected item]]>
              </value>
            </param>
            <param index="2">
              <value>
                <![CDATA[Deleted successfully.]]>
              </value>
            </param>
          </params>
          <reporter-output>
          </reporter-output>
        </test-method> <!-- runLogin -->
        <test-method is-config="true" signature="postCondition()[pri:0, instance:com.pos.testcases.DeleteCustomer@302c971f]" started-at="2023-10-04T16:12:41 IST" name="postCondition" finished-at="2023-10-04T16:12:42 IST" duration-ms="1090" status="PASS">
          <reporter-output>
          </reporter-output>
        </test-method> <!-- postCondition -->
      </class> <!-- com.pos.testcases.DeleteCustomer -->
      <class name="com.pos.testcases.EditCustomer">
        <test-method is-config="true" signature="setValues()[pri:0, instance:com.pos.testcases.EditCustomer@305ffe9e]" started-at="2023-10-04T16:09:55 IST" name="setValues" finished-at="2023-10-04T16:09:55 IST" duration-ms="0" status="PASS">
          <reporter-output>
          </reporter-output>
        </test-method> <!-- setValues -->
        <test-method is-config="true" signature="startTestCase()[pri:0, instance:com.pos.testcases.EditCustomer@305ffe9e]" started-at="2023-10-04T16:10:17 IST" name="startTestCase" finished-at="2023-10-04T16:10:17 IST" duration-ms="0" status="PASS">
          <reporter-output>
          </reporter-output>
        </test-method> <!-- startTestCase -->
        <test-method is-config="true" signature="preCondition(java.lang.String)[pri:0, instance:com.pos.testcases.EditCustomer@305ffe9e]" started-at="2023-10-04T16:10:17 IST" name="preCondition" finished-at="2023-10-04T16:11:20 IST" duration-ms="62877" status="PASS">
          <params>
            <param index="0">
              <value>
                <![CDATA[chrome]]>
              </value>
            </param>
          </params>
          <reporter-output>
          </reporter-output>
        </test-method> <!-- preCondition -->
        <test-method signature="runLogin(java.lang.String,java.lang.String,java.lang.String,java.lang.String)[pri:0, instance:com.pos.testcases.EditCustomer@305ffe9e]" started-at="2023-10-04T16:11:20 IST" name="runLogin" data-provider="fetchData" finished-at="2023-10-04T16:11:33 IST" duration-ms="12909" status="PASS">
          <params>
            <param index="0">
              <value>
                <![CDATA[9976749486]]>
              </value>
            </param>
            <param index="1">
              <value>
                <![CDATA[Manickam]]>
              </value>
            </param>
            <param index="2">
              <value>
                <![CDATA[The customer you entered was saved successfully.]]>
              </value>
            </param>
            <param index="3">
              <value>
                <![CDATA[Manickam]]>
              </value>
            </param>
          </params>
          <reporter-output>
          </reporter-output>
        </test-method> <!-- runLogin -->
        <test-method is-config="true" signature="postCondition()[pri:0, instance:com.pos.testcases.EditCustomer@305ffe9e]" started-at="2023-10-04T16:11:33 IST" name="postCondition" finished-at="2023-10-04T16:11:33 IST" duration-ms="153" status="PASS">
          <reporter-output>
          </reporter-output>
        </test-method> <!-- postCondition -->
      </class> <!-- com.pos.testcases.EditCustomer -->
      <class name="com.pos.testcases.CreateNewCutomer">
        <test-method is-config="true" signature="startReport()[pri:0, instance:com.pos.testcases.CreateNewCutomer@19932c16]" started-at="2023-10-04T16:09:55 IST" name="startReport" finished-at="2023-10-04T16:09:55 IST" duration-ms="133" status="PASS">
          <reporter-output>
          </reporter-output>
        </test-method> <!-- startReport -->
        <test-method is-config="true" signature="setValues()[pri:0, instance:com.pos.testcases.CreateNewCutomer@19932c16]" started-at="2023-10-04T16:09:55 IST" name="setValues" finished-at="2023-10-04T16:09:55 IST" duration-ms="1" status="PASS">
          <reporter-output>
          </reporter-output>
        </test-method> <!-- setValues -->
        <test-method is-config="true" signature="startTestCase()[pri:0, instance:com.pos.testcases.CreateNewCutomer@19932c16]" started-at="2023-10-04T16:09:55 IST" name="startTestCase" finished-at="2023-10-04T16:09:55 IST" duration-ms="7" status="PASS">
          <reporter-output>
          </reporter-output>
        </test-method> <!-- startTestCase -->
        <test-method is-config="true" signature="preCondition(java.lang.String)[pri:0, instance:com.pos.testcases.CreateNewCutomer@19932c16]" started-at="2023-10-04T16:09:56 IST" name="preCondition" finished-at="2023-10-04T16:09:59 IST" duration-ms="2886" status="PASS">
          <params>
            <param index="0">
              <value>
                <![CDATA[chrome]]>
              </value>
            </param>
          </params>
          <reporter-output>
          </reporter-output>
        </test-method> <!-- preCondition -->
        <test-method signature="runLogin(java.lang.String,java.lang.String,java.lang.String,java.lang.String,java.lang.String,java.lang.String)[pri:0, instance:com.pos.testcases.CreateNewCutomer@19932c16]" started-at="2023-10-04T16:09:59 IST" name="runLogin" data-provider="fetchData" finished-at="2023-10-04T16:10:17 IST" duration-ms="18213" status="PASS">
          <params>
            <param index="0">
              <value>
                <![CDATA[9976749486]]>
              </value>
            </param>
            <param index="1">
              <value>
                <![CDATA[Manickam]]>
              </value>
            </param>
            <param index="2">
              <value>
                <![CDATA[Selenium]]>
              </value>
            </param>
            <param index="3">
              <value>
                <![CDATA[Chennai]]>
              </value>
            </param>
            <param index="4">
              <value>
                <![CDATA[9976749520]]>
              </value>
            </param>
            <param index="5">
              <value>
                <![CDATA[mani@gmail.com]]>
              </value>
            </param>
          </params>
          <reporter-output>
          </reporter-output>
        </test-method> <!-- runLogin -->
        <test-method is-config="true" signature="postCondition()[pri:0, instance:com.pos.testcases.CreateNewCutomer@19932c16]" started-at="2023-10-04T16:10:17 IST" name="postCondition" finished-at="2023-10-04T16:10:17 IST" duration-ms="247" status="PASS">
          <reporter-output>
          </reporter-output>
        </test-method> <!-- postCondition -->
        <test-method is-config="true" signature="endResult()[pri:0, instance:com.pos.testcases.CreateNewCutomer@19932c16]" started-at="2023-10-04T16:12:42 IST" name="endResult" finished-at="2023-10-04T16:12:43 IST" duration-ms="323" status="PASS">
          <reporter-output>
          </reporter-output>
        </test-method> <!-- endResult -->
      </class> <!-- com.pos.testcases.CreateNewCutomer -->
    </test> <!-- customertesting -->
  </suite> <!-- Suite -->
</testng-results>
